<?xml version="1.0" encoding="UTF-8"?>
<!-- Generated by org.testng.reporters.JUnitXMLReporter -->
<testsuite ignored="0" hostname="mehak-pc" failures="1" tests="5" name="personal loan" time="0.068" errors="0" timestamp="2021-07-21T15:31:57 CDT">
  <testcase classname="test.TestCase1" name="wemo" time="0.006"/>
  <testcase classname="test.TestCase1" name="Demo" time="0.003">
    <failure type="java.lang.AssertionError" message="expected [true] but found [false]">
      <![CDATA[java.lang.AssertionError: expected [true] but found [false]
at test.TestCase1.Demo(TestCase1.java:35)
at java.base/java.util.ArrayList.forEach(ArrayList.java:1511)
... Removed 31 stack frames]]>
    </failure>
  </testcase> <!-- Demo -->
  <testcase classname="test.TestCase2" name="Demo3" time="0.003"/>
  <testcase classname="test.TestCase2" name="Demo3" time="0.002"/>
  <testcase classname="test.TestCase2" name="Demo3" time="0.004"/>
</testsuite> <!-- personal loan -->
